2022-01-29 16:39:35,465 [Worker-3: Loading available Gradle versions] INFO  o.e.b.c.i.u.g.PublishedGradleVersions - Gradle version information cache is up-to-date. Trying to read.
2022-01-29 16:40:56,401 [Worker-5: Creating project "01-Maven-App"] INFO  o.e.m.c.i.l.LifecycleMappingFactory - Using org.eclipse.m2e.jdt.JarLifecycleMapping lifecycle mapping for MavenProject: in.ashokit:01-Maven-App:0.0.1-SNAPSHOT @ E:\19-JRTP\Github\01-Maven-App\pom.xml.
2022-01-29 16:40:58,289 [Worker-5: Creating project "01-Maven-App"] INFO  o.e.m.j.i.AbstractJavaProjectConfigurator - Adding source folder /01-Maven-App/src/main/java
2022-01-29 16:40:58,293 [Worker-5: Creating project "01-Maven-App"] INFO  o.e.m.j.i.AbstractJavaProjectConfigurator - Adding resource folder /01-Maven-App/src/main/resources
2022-01-29 16:40:58,295 [Worker-5: Creating project "01-Maven-App"] INFO  o.e.m.j.i.AbstractJavaProjectConfigurator - Adding source folder /01-Maven-App/src/test/java
2022-01-29 16:40:58,296 [Worker-5: Creating project "01-Maven-App"] INFO  o.e.m.j.i.AbstractJavaProjectConfigurator - Adding resource folder /01-Maven-App/src/test/resources
2022-01-29 16:41:02,375 [Worker-2: Building] WARN  o.e.m.c.i.embedder.EclipseLogger - Using platform encoding (Cp1252 actually) to copy filtered resources, i.e. build is platform dependent!
2022-01-29 16:41:02,415 [Worker-2: Building] INFO  o.e.m.c.i.embedder.EclipseLogger - Copying 0 resource
2022-01-29 16:41:02,429 [Worker-2: Building] WARN  o.e.m.c.i.embedder.EclipseLogger - Using platform encoding (Cp1252 actually) to copy filtered resources, i.e. build is platform dependent!
2022-01-29 16:41:02,434 [Worker-2: Building] INFO  o.e.m.c.i.embedder.EclipseLogger - Copying 0 resource
2022-01-29 16:52:32,348 [Worker-2: Building] WARN  o.e.m.c.i.embedder.EclipseLogger - Using platform encoding (Cp1252 actually) to copy filtered resources, i.e. build is platform dependent!
2022-01-29 16:52:32,355 [Worker-2: Building] INFO  o.e.m.c.i.embedder.EclipseLogger - Copying 0 resource
2022-01-29 16:52:32,358 [Worker-2: Building] WARN  o.e.m.c.i.embedder.EclipseLogger - Using platform encoding (Cp1252 actually) to copy filtered resources, i.e. build is platform dependent!
2022-01-29 16:52:32,360 [Worker-2: Building] INFO  o.e.m.c.i.embedder.EclipseLogger - Copying 0 resource
2022-01-29 16:52:33,428 [Worker-7: Building] WARN  o.e.m.c.i.embedder.EclipseLogger - Using platform encoding (Cp1252 actually) to copy filtered resources, i.e. build is platform dependent!
2022-01-29 16:52:33,429 [Worker-7: Building] INFO  o.e.m.c.i.embedder.EclipseLogger - Copying 0 resource
2022-01-29 16:52:33,432 [Worker-7: Building] WARN  o.e.m.c.i.embedder.EclipseLogger - Using platform encoding (Cp1252 actually) to copy filtered resources, i.e. build is platform dependent!
2022-01-29 16:52:33,434 [Worker-7: Building] INFO  o.e.m.c.i.embedder.EclipseLogger - Copying 0 resource
2022-01-29 16:54:30,261 [Worker-2: Building] WARN  o.e.m.c.i.embedder.EclipseLogger - Using platform encoding (Cp1252 actually) to copy filtered resources, i.e. build is platform dependent!
2022-01-29 16:54:30,263 [Worker-2: Building] INFO  o.e.m.c.i.embedder.EclipseLogger - Copying 0 resource
2022-01-29 16:54:30,264 [Worker-2: Building] WARN  o.e.m.c.i.embedder.EclipseLogger - Using platform encoding (Cp1252 actually) to copy filtered resources, i.e. build is platform dependent!
2022-01-29 16:54:30,266 [Worker-2: Building] INFO  o.e.m.c.i.embedder.EclipseLogger - Copying 0 resource
